# JRE version: OpenJDK Runtime Environment (11.0.2+9) (build 11.0.2+9)
# Java VM: OpenJDK 64-Bit Server VM (11.0.2+9, mixed mode, tiered, compressed oops, g1 gc, linux-amd64)
Heap:
 garbage-first heap   total 256000K, used 91422K [0x0000000707000000, 0x0000000800000000)
  region size 1024K, 87 young (89088K), 1 survivors (1024K)
 Metaspace       used 23799K, capacity 24373K, committed 24704K, reserved 1071104K
  class space    used 2569K, capacity 2849K, committed 2944K, reserved 1048576K
GC Heap History (10 events):
Event: 266797,371 GC heap before
{Heap before GC invocations=6 (full 0):
 garbage-first heap   total 256000K, used 156961K [0x0000000707000000, 0x0000000800000000)
  region size 1024K, 150 young (153600K), 1 survivors (1024K)
 Metaspace       used 23785K, capacity 24373K, committed 24704K, reserved 1071104K
  class space    used 2567K, capacity 2849K, committed 2944K, reserved 1048576K
}
Event: 266797,375 GC heap after
{Heap after GC invocations=7 (full 0):
 garbage-first heap   total 256000K, used 4387K [0x0000000707000000, 0x0000000800000000)
  region size 1024K, 1 young (1024K), 1 survivors (1024K)
 Metaspace       used 23785K, capacity 24373K, committed 24704K, reserved 1071104K
  class space    used 2567K, capacity 2849K, committed 2944K, reserved 1048576K
}
Event: 346841,968 GC heap before
{Heap before GC invocations=7 (full 0):
 garbage-first heap   total 256000K, used 156963K [0x0000000707000000, 0x0000000800000000)
  region size 1024K, 150 young (153600K), 1 survivors (1024K)
 Metaspace       used 23785K, capacity 24373K, committed 24704K, reserved 1071104K
  class space    used 2567K, capacity 2849K, committed 2944K, reserved 1048576K
}
Event: 346841,972 GC heap after
{Heap after GC invocations=8 (full 0):
 garbage-first heap   total 256000K, used 4382K [0x0000000707000000, 0x0000000800000000)
  region size 1024K, 1 young (1024K), 1 survivors (1024K)
 Metaspace       used 23785K, capacity 24373K, committed 24704K, reserved 1071104K
  class space    used 2567K, capacity 2849K, committed 2944K, reserved 1048576K
}
Event: 425218,449 GC heap before
{Heap before GC invocations=8 (full 0):
 garbage-first heap   total 256000K, used 156958K [0x0000000707000000, 0x0000000800000000)
  region size 1024K, 150 young (153600K), 1 survivors (1024K)
 Metaspace       used 23785K, capacity 24373K, committed 24704K, reserved 1071104K
  class space    used 2567K, capacity 2849K, committed 2944K, reserved 1048576K
}
Event: 425218,453 GC heap after
{Heap after GC invocations=9 (full 0):
 garbage-first heap   total 256000K, used 4388K [0x0000000707000000, 0x0000000800000000)
  region size 1024K, 1 young (1024K), 1 survivors (1024K)
 Metaspace       used 23785K, capacity 24373K, committed 24704K, reserved 1071104K
  class space    used 2567K, capacity 2849K, committed 2944K, reserved 1048576K
}
Event: 503831,549 GC heap before
{Heap before GC invocations=9 (full 0):
 garbage-first heap   total 256000K, used 156964K [0x0000000707000000, 0x0000000800000000)
  region size 1024K, 150 young (153600K), 1 survivors (1024K)
 Metaspace       used 23785K, capacity 24373K, committed 24704K, reserved 1071104K
  class space    used 2567K, capacity 2849K, committed 2944K, reserved 1048576K
}
Event: 503831,554 GC heap after
{Heap after GC invocations=10 (full 0):
 garbage-first heap   total 256000K, used 4399K [0x0000000707000000, 0x0000000800000000)
  region size 1024K, 1 young (1024K), 1 survivors (1024K)
 Metaspace       used 23785K, capacity 24373K, committed 24704K, reserved 1071104K
  class space    used 2567K, capacity 2849K, committed 2944K, reserved 1048576K
}
Event: 583738,940 GC heap before
{Heap before GC invocations=10 (full 0):
 garbage-first heap   total 256000K, used 156975K [0x0000000707000000, 0x0000000800000000)
  region size 1024K, 150 young (153600K), 1 survivors (1024K)
 Metaspace       used 23789K, capacity 24373K, committed 24704K, reserved 1071104K
  class space    used 2568K, capacity 2849K, committed 2944K, reserved 1048576K
}
Event: 583738,944 GC heap after
{Heap after GC invocations=11 (full 0):
 garbage-first heap   total 256000K, used 4382K [0x0000000707000000, 0x0000000800000000)
  region size 1024K, 1 young (1024K), 1 survivors (1024K)
 Metaspace       used 23789K, capacity 24373K, committed 24704K, reserved 1071104K
  class space    used 2568K, capacity 2849K, committed 2944K, reserved 1048576K
}

